0000000000000000 b _TLS_MODULE_BASE_
0000000000000000 0000000000000401 b __fixedpath
0000000000000000 A __start__
0000000000000000 T _start
0000000000000080 t startup
00000000000000b0 t bss_loop
0000000000000104 T __nx_exit
0000000000000114 T __nx_mod0
0000000000000130 T _init
0000000000000180 0000000000000038 T exit
00000000000001c0 00000000000001a8 T main
0000000000000368 000000000000004c t _GLOBAL__sub_I_eh_alloc.cc
00000000000003b8 t deregister_tm_clones
00000000000003e8 t register_tm_clones
0000000000000408 0000000000002000 b tmp_buffer.6840
0000000000000420 t __do_global_dtors_aux
0000000000000468 t frame_dummy
00000000000004a0 00000000000000f0 T Account::Account(unsigned __int128, int)
00000000000004a0 00000000000000f0 T Account::Account(unsigned __int128, int)
0000000000000590 0000000000000004 T Account::~Account()
0000000000000590 0000000000000004 T Account::~Account()
00000000000005a0 0000000000000008 T Account::getUserId()
00000000000005b0 0000000000000074 T AccountRepository::getAccountByIndex(int)
0000000000000630 0000000000000210 W void std::vector<Account, std::allocator<Account> >::_M_realloc_insert<Account const&>(__gnu_cxx::__normal_iterator<Account*, std::vector<Account, std::allocator<Account> > >, Account const&)
0000000000000840 000000000000011c T AccountRepository::init()
0000000000000960 000000000000000c T AccountRepository::AccountRepository()
0000000000000960 000000000000000c T AccountRepository::AccountRepository()
0000000000000970 0000000000000048 T SaveData::SaveData(int, unsigned __int128, unsigned long, char*, char*, unsigned long)
0000000000000970 0000000000000048 T SaveData::SaveData(int, unsigned __int128, unsigned long, char*, char*, unsigned long)
00000000000009c0 0000000000000008 T SaveData::getName()
00000000000009d0 0000000000000008 T SaveData::getIndex()
00000000000009e0 00000000000001f0 T SaveDataRepository::getSaveData(unsigned __int128, int)
0000000000000bd0 00000000000001c0 W void std::vector<SaveData, std::allocator<SaveData> >::_M_realloc_insert<SaveData const&>(__gnu_cxx::__normal_iterator<SaveData*, std::vector<SaveData, std::allocator<SaveData> > >, SaveData const&)
0000000000000d90 0000000000000254 W std::pair<std::__detail::_Node_iterator<std::pair<unsigned __int128 const, std::vector<SaveData, std::allocator<SaveData> > >, false, false>, bool> std::_Hashtable<unsigned __int128, std::pair<unsigned __int128 const, std::vector<SaveData, std::allocator<SaveData> > >, std::allocator<std::pair<unsigned __int128 const, std::vector<SaveData, std::allocator<SaveData> > > >, std::__detail::_Select1st, std::equal_to<unsigned __int128>, std::hash<unsigned __int128>, std::__detail::_Mod_range_hashing, std::__detail::_Default_ranged_hash, std::__detail::_Prime_rehash_policy, std::__detail::_Hashtable_traits<false, false, true> >::_M_emplace<std::pair<unsigned __int128 const, std::vector<SaveData, std::allocator<SaveData> > > >(std::integral_constant<bool, true>, std::pair<unsigned __int128 const, std::vector<SaveData, std::allocator<SaveData> > >&&)
0000000000000ff0 00000000000003bc T SaveDataRepository::init()
00000000000013b0 0000000000000020 T SaveDataRepository::SaveDataRepository()
00000000000013b0 0000000000000020 T SaveDataRepository::SaveDataRepository()
00000000000013d0 0000000000000034 t ipcCloseObjectById
0000000000001410 0000000000000124 t _appletGetHandle
0000000000001540 00000000000000e0 t _appletGetPerformanceMode.constprop.14
0000000000001620 00000000000000e0 t _appletGetOperationMode.constprop.13
0000000000001700 00000000000000e0 t _appletGetCurrentFocusState.constprop.15
00000000000017e0 00000000000000ec t _appletReceiveMessage
00000000000018d0 00000000000000cc t _appletAcquireForegroundRights
00000000000019a0 00000000000000d4 t _appletSetPerformanceModeChangedNotification.constprop.17
0000000000001a80 00000000000000d4 t _appletSetOperationModeChangedNotification.constprop.16
0000000000001b60 00000000000000d0 t _appletSetOutOfFocusSuspendingEnabled
0000000000001c30 00000000000000d8 t _appletSetFocusHandlingMode
0000000000001d10 00000000000000e0 t _appletGetAppletResourceUserId.constprop.11
0000000000001df0 000000000000013c t _appletGetSessionProxy.constprop.10
0000000000001f30 0000000000000564 T appletExit
0000000000002408 0000000000002000 b tmp_buffer.6864
00000000000024a0 0000000000000010 T appletGetAppletType
00000000000024b0 0000000000000028 T appletHook
00000000000024e0 0000000000000034 T appletUnhook
0000000000002520 0000000000000028 T appletGetAppletResourceUserId
0000000000002550 0000000000000120 T appletNotifyRunning
0000000000002670 000000000000056c T appletInitialize
0000000000002be0 00000000000000ec T appletCreateManagedDisplayLayer
0000000000002cd0 000000000000000c T appletGetOperationMode
0000000000002ce0 0000000000000144 T appletMainLoop
0000000000002e30 0000000000000034 t ipcCloseObjectById
0000000000002e70 0000000000000070 T accountInitialize
0000000000002ee0 000000000000009c T accountExit
0000000000002f80 00000000000000e8 T accountGetUserCount
0000000000003070 000000000000018c T accountListAllUsers
0000000000003200 0000000000000134 T accountGetProfile
0000000000003340 0000000000000138 T accountProfileGet
0000000000003480 00000000000000e8 T accountProfileGetImageSize
0000000000003570 000000000000006c T accountProfileClose
00000000000035e0 0000000000000034 t ipcCloseObjectById
0000000000003620 0000000000000124 t _hidGetSharedMemoryHandle.constprop.8
0000000000003750 0000000000000134 t _hidCreateAppletResource.constprop.7
0000000000003890 00000000000001b0 T hidReset
0000000000003a40 000000000000000c T hidGetSharedmemAddr
0000000000003a50 000000000000006c T hidKeysDown
0000000000003ac0 000000000000000c T hidTouchCount
0000000000003ad0 000000000000049c T hidScanInput
0000000000003f70 000000000000010c T hidSetNpadJoyAssignmentModeDual
0000000000004080 0000000000000128 T hidExit
00000000000041b0 000000000000010c T hidInitialize
00000000000042c0 0000000000000034 t ipcCloseObjectById
0000000000004300 000000000000012c t _nsGetInterface.constprop.3
0000000000004430 00000000000000fc T nsInitialize
0000000000004530 00000000000000f8 T nsExit
0000000000004630 0000000000000114 T nsGetApplicationControlData
0000000000004750 0000000000000034 t ipcCloseObjectById
0000000000004790 0000000000000124 t _apmGetSession.constprop.4
00000000000048c0 00000000000000f0 T apmExit
00000000000049b0 000000000000008c T apmInitialize
0000000000004a40 00000000000000cc T apmSetPerformanceConfiguration
0000000000004b10 0000000000000044 T smAddOverrideHandle
0000000000004b60 0000000000000060 T smGetServiceOverride
0000000000004bc0 0000000000000014 T smHasInitialized
0000000000004be0 000000000000005c T smExit
0000000000004c40 0000000000000038 T smEncodeName
0000000000004c80 000000000000012c T smGetServiceOriginal
0000000000004db0 0000000000000158 T smInitialize
0000000000004f10 0000000000000074 T smGetService
0000000000004f90 00000000000000ec T fatalWithType
0000000000005080 0000000000000014 T fatalSimple
00000000000050a0 0000000000000034 t ipcCloseObjectById
00000000000050e0 0000000000000044 T setInitialize
0000000000005130 000000000000009c T setExit
00000000000051d0 000000000000003c T setsysInitialize
0000000000005210 000000000000009c T setsysExit
00000000000052b0 00000000000000ec T setGetLanguageCode
00000000000053a0 0000000000000004 T setGetSystemLanguage
00000000000053b0 0000000000000108 T setGetAvailableLanguageCodeCount
00000000000054c0 00000000000001a8 T setGetAvailableLanguageCodes
0000000000005670 0000000000000070 t setInitializeLanguageCodesCache
00000000000056e0 000000000000008c T setMakeLanguage
0000000000005770 0000000000000034 t ipcCloseObjectById
00000000000057b0 0000000000000124 T fsInitialize
00000000000058e0 000000000000009c T fsExit
0000000000005980 0000000000000134 T fsMountSdcard
0000000000005ac0 000000000000017c T fsOpenSaveDataIterator
0000000000005c40 00000000000000f4 T fsFsCreateFile
0000000000005d40 00000000000000f0 T fsFsDeleteFile
0000000000005e30 00000000000000f0 T fsFsCreateDirectory
0000000000005f20 00000000000000f0 T fsFsDeleteDirectory
0000000000006010 000000000000011c T fsFsRenameFile
0000000000006130 000000000000011c T fsFsRenameDirectory
0000000000006250 0000000000000104 T fsFsGetEntryType
0000000000006360 0000000000000154 T fsFsOpenFile
00000000000064c0 000000000000014c T fsFsOpenDirectory
0000000000006610 0000000000000104 T fsFsGetFreeSpace
0000000000006720 0000000000000104 T fsFsGetTotalSpace
0000000000006830 000000000000006c T fsFsClose
00000000000068a0 0000000000000108 T fsFileRead
00000000000069b0 00000000000000f8 T fsFileWrite
0000000000006ab0 00000000000000c8 T fsFileFlush
0000000000006b80 00000000000000c8 T fsFileSetSize
0000000000006c50 00000000000000ec T fsFileGetSize
0000000000006d40 000000000000006c T fsFileClose
0000000000006db0 000000000000006c T fsDirClose
0000000000006e20 0000000000000110 T fsDirRead
0000000000006f30 0000000000000110 T fsSaveDataIteratorRead
0000000000007040 000000000000006c T fsSaveDataIteratorClose
00000000000070b0 000000000000004c t _gfxCancelBuffer
0000000000007100 0000000000000170 t _gfxDequeueBuffer.part.0
0000000000007270 00000000000004b4 T gfxInitDefault
0000000000007730 00000000000000e8 T gfxConfigureCrop
0000000000007820 0000000000000014 T gfxConfigureResolution
0000000000007840 0000000000000060 t _gfxAutoResolutionAppletHook
00000000000078a0 000000000000011c T gfxConfigureAutoResolution
00000000000079c0 0000000000000174 T gfxExit
0000000000007b40 000000000000003c T _gfxGraphicBufferInit
0000000000007b80 000000000000002c T gfxWaitForVsync
0000000000007bb0 000000000000006c T gfxSwapBuffers
0000000000007c20 0000000000000068 T gfxGetFramebuffer
0000000000007c90 000000000000000c T gfxSetMode
0000000000007ca0 000000000000012c T gfxFlushBuffers
0000000000007dd0 0000000000000038 t nvmapobjClose.part.0.constprop.3
0000000000007e10 00000000000001e8 T nvgfxInitialize
0000000000008000 0000000000000058 T nvgfxExit
0000000000008060 000000000000004c T nvgfxGetFramebuffer
00000000000080b0 0000000000000140 T nacpGetLanguageEntry
00000000000081f0 0000000000000250 T consoleDrawChar
0000000000008440 000000000000015c T consolePrintChar
00000000000085a0 0000000000000158 t consoleClearLine
0000000000008700 0000000000000180 t newRow
0000000000008880 000000000000016c t consoleCls
00000000000089f0 00000000000000ec T consoleInit
0000000000008ae0 0000000000000854 t con_write
0000000000009334 T armDCacheFlush
0000000000009358 t armDCacheFlush_L0
0000000000009370 T svcSetHeapSize
0000000000009384 T svcUnmapMemory
000000000000938c T svcQueryMemory
00000000000093a0 T svcExitProcess
00000000000093a8 T svcSleepThread
00000000000093b0 T svcMapSharedMemory
00000000000093b8 T svcUnmapSharedMemory
00000000000093c0 T svcCreateTransferMemory
00000000000093d4 T svcCloseHandle
00000000000093dc T svcResetSignal
00000000000093e4 T svcWaitSynchronization
00000000000093f8 T svcArbitrateLock
0000000000009400 T svcArbitrateUnlock
0000000000009408 T svcConnectToNamedPort
000000000000941c T svcSendSyncRequest
0000000000009424 T svcBreak
000000000000942c T svcGetInfo
0000000000009440 T svcUnmapTransferMemory
0000000000009450 0000000000000180 t _CacheValues
00000000000095d0 000000000000001c T kernelAbove200
00000000000095f0 000000000000001c T kernelAbove300
0000000000009610 000000000000001c T kernelAbove400
0000000000009630 0000000000000030 T detectDebugger
0000000000009660 0000000000000014 T shmemLoadRemote
0000000000009680 0000000000000084 T shmemMap
0000000000009710 0000000000000058 T shmemUnmap
0000000000009770 0000000000000044 T shmemClose
00000000000097c0 000000000000004c T rwlockReadLock
0000000000009810 000000000000004c T rwlockReadUnlock
0000000000009860 0000000000000008 T rwlockWriteLock
0000000000009870 0000000000000008 T rwlockWriteUnlock
0000000000009880 000000000000008c T mutexLock
0000000000009910 0000000000000030 T mutexUnlock
0000000000009940 000000000000004c T rmutexLock
0000000000009990 000000000000001c T rmutexUnlock
00000000000099b0 000000000000007c t _GetRegionFromInfo.isra.1
0000000000009a30 00000000000000e4 T virtmemSetup
0000000000009b20 000000000000013c T virtmemReserve
0000000000009c60 0000000000000004 T virtmemFree
0000000000009c70 000000000000000c T eventLoadRemote
0000000000009c80 000000000000011c T eventWait
0000000000009da0 0000000000000050 T eventClose
0000000000009df0 0000000000000034 t ipcCloseObjectById
0000000000009e30 00000000000000c8 t ipcQueryPointerBufferSize.constprop.10
0000000000009f00 000000000000010c t ipcCloneSession.constprop.9
000000000000a010 00000000000000d8 t _nvSetClientPID
000000000000a0f0 00000000000000f0 t _nvInitialize.constprop.8
000000000000a1e0 0000000000000108 T nvExit
000000000000a2f0 0000000000000178 T nvInitialize
000000000000a470 000000000000012c T nvConvertError
000000000000a5a0 000000000000012c T nvOpen
000000000000a6d0 0000000000000270 T nvIoctl
000000000000a940 00000000000000dc T nvClose
000000000000aa20 000000000000015c T nvQueryEvent
000000000000ab80 0000000000000034 t ipcCloseObjectById
000000000000abc0 0000000000000134 t _viGetSession.constprop.7
000000000000ad00 00000000000001e4 T viExit
000000000000aef0 0000000000000304 T viInitialize
000000000000b200 000000000000000c T viGetSession_IHOSBinderDriverRelay
000000000000b210 0000000000000140 T viOpenDisplay
000000000000b350 0000000000000104 T viCloseDisplay
000000000000b460 000000000000013c T viGetDisplayVsyncEvent
000000000000b5a0 0000000000000104 T viCloseLayer
000000000000b6b0 0000000000000320 T viCreateLayer
000000000000b9d0 00000000000000e8 T viSetLayerScalingMode
000000000000bac0 000000000000005c T nvFenceInit
000000000000bb20 0000000000000098 T nvFenceExit
000000000000bbc0 0000000000000194 T nvFenceWait
000000000000bd60 000000000000007c T nvMultiFenceWait
000000000000bde0 0000000000000024 T nvioctlNvhostCtrl_EventSignal
000000000000be10 0000000000000028 T nvioctlNvhostCtrl_EventWaitAsync
000000000000be40 0000000000000024 T nvioctlNvhostCtrl_EventRegister
000000000000be70 0000000000000024 T nvioctlNvhostCtrl_EventUnregister
000000000000bea0 000000000000003c T nvioctlNvmap_Create
000000000000bee0 0000000000000030 T nvioctlNvmap_Alloc
000000000000bf10 000000000000003c T nvioctlNvmap_GetId
000000000000bf50 00000000000000f0 T bqRequestBuffer
000000000000c040 0000000000000154 T bqDequeueBuffer
000000000000c1a0 000000000000009c T bqDetachBuffer
000000000000c240 00000000000000e0 T bqQueueBuffer
000000000000c320 0000000000000090 T bqCancelBuffer
000000000000c3b0 00000000000000e4 T bqConnect
000000000000c4a0 000000000000009c T bqDisconnect
000000000000c540 00000000000000b4 T bqSetPreallocatedBuffer
000000000000c600 0000000000000248 t _binderTransactParcelAuto
000000000000c850 00000000000000c8 t ipcQueryPointerBufferSize
000000000000c920 0000000000000138 t _binderTransactParcel
000000000000ca60 0000000000000014 T binderCreate
000000000000ca80 0000000000000010 T binderTransactParcel
000000000000ca90 0000000000000124 T binderConvertErrorCode
000000000000cbc0 00000000000000e8 T binderAdjustRefcount
000000000000ccb0 0000000000000074 T binderClose
000000000000cd30 00000000000000c4 T binderInitSession
000000000000ce00 0000000000000144 T binderGetNativeHandle
000000000000cf50 0000000000000028 T parcelCreate
000000000000cf80 000000000000019c T parcelTransact
000000000000d120 0000000000000088 T parcelWriteData
000000000000d1b0 0000000000000098 T parcelReadData
000000000000d250 0000000000000020 T parcelWriteInt32
000000000000d270 0000000000000020 T parcelWriteUInt32
000000000000d290 0000000000000080 T parcelWriteString16
000000000000d310 0000000000000030 T parcelWriteInterfaceToken
000000000000d340 0000000000000024 T parcelReadInt32
000000000000d370 0000000000000068 T parcelReadFlattenedObject
000000000000d3e0 0000000000000044 T parcelWriteFlattenedObject
000000000000d430 00000000000000a0 T __nx_dynamic
000000000000d4d0 00000000000000d8 W __libnx_initheap
000000000000d5b0 0000000000000090 W __appInit
000000000000d640 0000000000000034 W __appExit
000000000000d680 0000000000000028 W __libnx_init
000000000000d6b0 0000000000000020 W __libnx_exit
000000000000d6d0 00000000000001b0 T envSetup
000000000000d880 0000000000000020 T envGetMainThreadHandle
000000000000d8a0 000000000000000c T envIsNso
000000000000d8b0 0000000000000014 T envHasHeapOverride
000000000000d8d0 000000000000000c T envGetHeapOverrideAddr
000000000000d8e0 000000000000000c T envGetHeapOverrideSize
000000000000d8f0 0000000000000014 T envHasArgv
000000000000d910 000000000000000c T envGetArgv
000000000000d920 000000000000000c T envGetExitFuncPtr
000000000000d930 0000000000000008 t mutexInit
000000000000d940 000000000000000c t rmutexInit
000000000000d950 000000000000008c T __libnx_gtod
000000000000d9e0 0000000000000020 T __libnx_clock_settime
000000000000da00 0000000000000028 T __libnx_nanosleep
000000000000da30 0000000000000034 t __libnx_get_reent
000000000000da70 00000000000000d0 T __libnx_clock_gettime
000000000000db40 0000000000000058 T __libnx_clock_getres
000000000000dba0 0000000000000054 T __libnx_init_time
000000000000dc00 0000000000000118 T newlibSetup
000000000000dd20 0000000000000368 T argvSetup
000000000000e090 0000000000000010 t fsdev_link
000000000000e0a0 0000000000000010 t fsdev_dirreset
000000000000e0b0 0000000000000010 t fsdev_chmod
000000000000e0c0 000000000000001c t error_cmp
000000000000e0e0 0000000000000058 t fsdev_translate_error
000000000000e140 0000000000000040 t fsdev_fsync
000000000000e180 0000000000000060 t fsdev_ftruncate
000000000000e1e0 0000000000000020 t fsdev_dirclose
000000000000e200 000000000000016c t fsdev_dirnext
000000000000e370 000000000000001c t fsdev_close
000000000000e390 0000000000000080 t fsdev_fstat
000000000000e410 00000000000000b0 t fsdev_seek
000000000000e4c0 0000000000000198 t fsdev_read
000000000000e660 00000000000001a0 t fsdev_write
000000000000e800 0000000000000120 t fsdevFindDevice
000000000000e920 0000000000000168 t _fsdevMountDevice
000000000000ea90 00000000000001fc t fsdev_getfspath
000000000000ec90 0000000000000070 t fsdev_rmdir
000000000000ed00 00000000000000d4 t fsdev_statvfs
000000000000ede0 00000000000000ec t fsdev_diropen
000000000000eed0 0000000000000070 t fsdev_mkdir
000000000000ef40 0000000000000114 t fsdev_rename
000000000000f060 00000000000000e8 t fsdev_chdir
000000000000f150 0000000000000070 t fsdev_unlink
000000000000f1c0 0000000000000168 t fsdev_stat
000000000000f330 0000000000000180 t fsdev_open
000000000000f4b0 00000000000000b8 t _fsdevUnmountDeviceStruct.part.4
000000000000f570 0000000000000010 t fsdev_fchmod
000000000000f580 0000000000000158 T fsdevMountSdmc
000000000000f6e0 0000000000000064 T fsdevUnmountAll
000000000000f750 000000000000012c T decode_utf8
000000000000f87c T __aarch64_read_tp
000000000000f890 00000000000000a8 T tmemCreate
000000000000f940 0000000000000058 T tmemUnmap
000000000000f9a0 0000000000000068 T tmemClose
000000000000fa10 0000000000000034 t ipcCloseObjectById
000000000000fa50 000000000000012c t _timeGetSession
000000000000fb80 00000000000001ec T timeExit
000000000000fd70 00000000000000d8 T timeInitialize
000000000000fe50 0000000000000124 T timeGetCurrentTime
000000000000ff80 00000000000000c4 T nxlinkSetup
0000000000010048 0000000000000068 T operator new(unsigned long)
00000000000100b0 000000000000000c T std::bad_alloc::what() const
00000000000100c0 0000000000000014 T std::bad_alloc::~bad_alloc()
00000000000100c0 0000000000000014 T std::bad_alloc::~bad_alloc()
00000000000100d8 0000000000000028 T std::bad_alloc::~bad_alloc()
0000000000010100 0000000000000010 T std::get_new_handler()
0000000000010110 0000000000000004 T std::exception::~exception()
0000000000010110 0000000000000004 T std::exception::~exception()
0000000000010118 0000000000000014 T std::bad_exception::~bad_exception()
0000000000010118 0000000000000014 T std::bad_exception::~bad_exception()
0000000000010130 000000000000000c T std::bad_exception::what() const
0000000000010140 0000000000000028 T std::bad_exception::~bad_exception()
0000000000010168 0000000000000004 T operator delete(void*, unsigned long)
0000000000010170 0000000000000064 t __gxx_exception_cleanup(_Unwind_Reason_Code, _Unwind_Exception*)
00000000000101d8 0000000000000058 T __cxa_init_primary_exception
0000000000010230 0000000000000054 T __cxa_throw
0000000000010288 0000000000000070 T __cxa_rethrow
00000000000102f8 00000000000000a0 T __cxa_begin_catch
0000000000010398 0000000000000094 T __cxa_end_catch
0000000000010430 00000000000000e8 t (anonymous namespace)::pool::free(void*) [clone .constprop.4]
0000000000010518 00000000000000a8 t (anonymous namespace)::pool::allocate(unsigned long) [clone .constprop.5]
00000000000105c0 0000000000000064 T __cxa_allocate_exception
0000000000010628 0000000000000030 T __cxa_free_exception
0000000000010658 0000000000000004 T operator delete(void*)
0000000000010660 0000000000000014 T __cxxabiv1::__si_class_type_info::~__si_class_type_info()
0000000000010660 0000000000000014 T __cxxabiv1::__si_class_type_info::~__si_class_type_info()
0000000000010678 0000000000000028 T __cxxabiv1::__si_class_type_info::~__si_class_type_info()
00000000000106a0 0000000000000080 T __cxxabiv1::__si_class_type_info::__do_find_public_src(long, void const*, __cxxabiv1::__class_type_info const*, void const*) const
0000000000010720 000000000000013c T __cxxabiv1::__si_class_type_info::__do_dyncast(long, __cxxabiv1::__class_type_info::__sub_kind, __cxxabiv1::__class_type_info const*, void const*, __cxxabiv1::__class_type_info const*, void const*, __cxxabiv1::__class_type_info::__dyncast_result&) const
0000000000010860 0000000000000068 T __cxxabiv1::__si_class_type_info::__do_upcast(__cxxabiv1::__class_type_info const*, void const*, __cxxabiv1::__class_type_info::__upcast_result&) const
00000000000108c8 0000000000000034 T std::__throw_bad_alloc()
0000000000010900 0000000000000054 T std::__throw_logic_error(char const*)
0000000000010958 0000000000000054 T std::__throw_length_error(char const*)
00000000000109b0 00000000000000d8 T std::__throw_out_of_range_fmt(char const*, ...)
0000000000010a88 0000000000000118 T std::__detail::_Prime_rehash_policy::_M_next_bkt(unsigned long) const
0000000000010ba0 0000000000000100 T std::__detail::_Prime_rehash_policy::_M_need_rehash(unsigned long, unsigned long, unsigned long) const
0000000000010ca0 000000000000000c T __cxa_get_globals_fast
0000000000010cb0 000000000000000c T __cxa_get_globals
0000000000010cc0 000000000000003c T __cxxabiv1::__terminate(void (*)())
0000000000010d00 0000000000000010 T std::get_terminate()
0000000000010d10 0000000000000010 T std::terminate()
0000000000010d20 0000000000000010 T __cxxabiv1::__unexpected(void (*)())
0000000000010d30 0000000000000010 T std::get_unexpected()
0000000000010d40 0000000000000010 T std::unexpected()
0000000000010d50 0000000000000004 T std::type_info::~type_info()
0000000000010d50 0000000000000004 T std::type_info::~type_info()
0000000000010d58 0000000000000008 T std::type_info::__is_pointer_p() const
0000000000010d58 0000000000000008 T std::type_info::__is_function_p() const
0000000000010d60 0000000000000084 t get_adjusted_ptr(std::type_info const*, std::type_info const*, void**)
0000000000010de8 000000000000015c t read_encoded_value_with_base(unsigned char, unsigned long, unsigned char const*, unsigned long*)
0000000000010f48 00000000000000c0 t get_ttype_entry(lsda_header_info*, unsigned long)
0000000000011008 0000000000000094 t check_exception_spec(lsda_header_info*, std::type_info const*, void*, long)
00000000000110a0 000000000000006c t base_of_encoded_value(unsigned char, _Unwind_Context*)
0000000000011110 0000000000000108 t parse_lsda_header(_Unwind_Context*, unsigned char const*, lsda_header_info*)
0000000000011218 00000000000004dc T __gxx_personality_v0
00000000000116f8 00000000000000f0 T __cxa_call_unexpected
00000000000117e8 000000000000006c T __cxxabiv1::__class_type_info::__do_upcast(__cxxabiv1::__class_type_info const*, void**) const
0000000000011858 0000000000000010 T __cxxabiv1::__class_type_info::__do_find_public_src(long, void const*, __cxxabiv1::__class_type_info const*, void const*) const
0000000000011868 0000000000000014 T __cxxabiv1::__class_type_info::~__class_type_info()
0000000000011868 0000000000000014 T __cxxabiv1::__class_type_info::~__class_type_info()
0000000000011880 0000000000000028 T __cxxabiv1::__class_type_info::~__class_type_info()
00000000000118a8 00000000000000d4 T __cxxabiv1::__class_type_info::__do_dyncast(long, __cxxabiv1::__class_type_info::__sub_kind, __cxxabiv1::__class_type_info const*, void const*, __cxxabiv1::__class_type_info const*, void const*, __cxxabiv1::__class_type_info::__dyncast_result&) const
0000000000011980 0000000000000068 T __cxxabiv1::__class_type_info::__do_upcast(__cxxabiv1::__class_type_info const*, void const*, __cxxabiv1::__class_type_info::__upcast_result&) const
00000000000119e8 00000000000000a8 T __cxxabiv1::__class_type_info::__do_catch(std::type_info const*, void**, unsigned int) const
0000000000011a90 0000000000000008 T std::logic_error::what() const
0000000000011a98 000000000000006c T std::logic_error::~logic_error()
0000000000011a98 000000000000006c T std::logic_error::~logic_error()
0000000000011b08 0000000000000024 T std::logic_error::~logic_error()
0000000000011b30 0000000000000014 T std::length_error::~length_error()
0000000000011b30 0000000000000014 T std::length_error::~length_error()
0000000000011b48 0000000000000024 T std::length_error::~length_error()
0000000000011b70 0000000000000014 T std::out_of_range::~out_of_range()
0000000000011b70 0000000000000014 T std::out_of_range::~out_of_range()
0000000000011b88 0000000000000024 T std::out_of_range::~out_of_range()
0000000000011bb0 0000000000000048 T std::logic_error::logic_error(char const*)
0000000000011bb0 0000000000000048 T std::logic_error::logic_error(char const*)
0000000000011bf8 0000000000000030 T std::length_error::length_error(char const*)
0000000000011bf8 0000000000000030 T std::length_error::length_error(char const*)
0000000000011c28 0000000000000030 T std::out_of_range::out_of_range(char const*)
0000000000011c28 0000000000000030 T std::out_of_range::out_of_range(char const*)
0000000000011c58 0000000000000074 T __gnu_cxx::__throw_insufficient_space(char const*, char const*)
0000000000011cd0 000000000000008c T __gnu_cxx::__concat_size_t(char*, unsigned long, unsigned long)
0000000000011d60 0000000000000188 T __gnu_cxx::__snprintf_lite(char*, unsigned long, char const*, std::__va_list)
0000000000011ee8 0000000000000084 W std::string::_Rep::_S_create(unsigned long, unsigned long, std::allocator<char> const&)
0000000000011f70 0000000000000098 t char* std::string::_S_construct<char const*>(char const*, char const*, std::allocator<char> const&, std::forward_iterator_tag) [clone .part.25]
0000000000011f70 0000000000000098 t char* std::string::_S_construct<char*>(char*, char*, std::allocator<char> const&, std::forward_iterator_tag) [clone .part.22]
0000000000012008 0000000000000004 W std::string::_Rep::_M_destroy(std::allocator<char> const&)
0000000000012010 0000000000000034 W char* std::string::_S_construct<char const*>(char const*, char const*, std::allocator<char> const&, std::forward_iterator_tag)
0000000000012048 000000000000004c W std::basic_string<char, std::char_traits<char>, std::allocator<char> >::basic_string(char const*, std::allocator<char> const&)
0000000000012048 000000000000004c W std::basic_string<char, std::char_traits<char>, std::allocator<char> >::basic_string(char const*, std::allocator<char> const&)
0000000000012098 0000000000000044 T __cxa_call_terminate
00000000000120e0 00000000000009d4 t __divtf3
0000000000012ab8 0000000000000148 t __letf2
0000000000012ab8 0000000000000148 T __lttf2
0000000000012c00 000000000000079c t __multf3
00000000000133a0 000000000000007c t __floatsitf
0000000000013420 00000000000000b0 t __floatunditf
00000000000134d0 000000000000013c t __extendsftf2
0000000000013610 0000000000000350 t __trunctfdf2
0000000000013960 000000000000015c t read_encoded_value_with_base
0000000000013ac0 0000000000000070 t base_of_encoded_value
0000000000013b30 000000000000080c t execute_cfa_program
0000000000014340 000000000000040c t uw_frame_state_for
0000000000014750 0000000000000720 t execute_stack_op
0000000000014e70 000000000000037c t uw_update_context_1
00000000000151f0 000000000000022c t uw_init_context_1
0000000000015420 00000000000000b4 t uw_update_context
00000000000154d8 00000000000000e0 t _Unwind_RaiseException_Phase2
00000000000155b8 0000000000000118 t _Unwind_ForcedUnwind_Phase2
00000000000156d0 0000000000000164 t uw_install_context_1
0000000000015838 0000000000000054 t _Unwind_SetGR
0000000000015890 0000000000000014 t _Unwind_GetIPInfo
00000000000158a8 0000000000000008 t _Unwind_SetIP
00000000000158b0 0000000000000008 t _Unwind_GetLanguageSpecificData
00000000000158b8 0000000000000008 t _Unwind_GetRegionStart
00000000000158c0 0000000000000008 t _Unwind_GetDataRelBase
00000000000158c8 0000000000000008 t _Unwind_GetTextRelBase
00000000000158d0 0000000000000004 t _Unwind_DebugHook
00000000000158d8 000000000000018c t _Unwind_RaiseException
0000000000015a68 0000000000000114 t _Unwind_Resume
0000000000015b80 0000000000000110 t _Unwind_Resume_or_Rethrow
0000000000015c90 0000000000000018 t _Unwind_DeleteException
0000000000015ca8 000000000000001c t fde_unencoded_compare
0000000000015cc8 00000000000000f4 t frame_downheap
0000000000015dc0 00000000000000c0 t frame_heapsort
0000000000015e80 0000000000000060 t size_of_encoded_value
0000000000015ee0 000000000000015c t read_encoded_value_with_base
0000000000016040 0000000000000120 t get_cie_encoding
0000000000016160 0000000000000068 t base_from_object.isra.7
00000000000161c8 0000000000000090 t fde_single_encoding_compare
0000000000016258 0000000000000194 t classify_object_over_fdes
00000000000163f0 0000000000000148 t add_fdes
0000000000016538 0000000000000188 t linear_search_fdes
00000000000166c0 00000000000000bc t fde_mixed_encoding_compare
0000000000016780 0000000000000698 t search_object
0000000000016e18 00000000000000e4 t __deregister_frame_info_bases.part.10
0000000000016f00 0000000000000034 t __register_frame_info
0000000000016f38 0000000000000018 t __deregister_frame_info
0000000000016f50 0000000000000170 t _Unwind_Find_FDE
00000000000170c0 0000000000000070 t __sfp_handle_exceptions
0000000000017130 0000000000000018 T abort
0000000000017148 00000000000000b8 T bsearch
0000000000017200 0000000000000030 T calloc
0000000000017230 0000000000000094 T _calloc_r
00000000000172c8 0000000000000014 T __errno
00000000000172e0 0000000000000044 T __libc_fini_array
0000000000017328 000000000000008c T __libc_init_array
00000000000173b8 000000000000002c T __locale_mb_cur_max
00000000000173e8 0000000000000008 T __locale_ctype_ptr_l
00000000000173f0 000000000000002c T __locale_ctype_ptr
0000000000017420 00000000000000a4 T __swhatbuf_r
00000000000174c8 000000000000010c T __smakebuf_r
00000000000175d8 0000000000000030 T memalign
0000000000017608 0000000000000198 T _memalign_r
00000000000177a0 000000000000001c T malloc
00000000000177c0 000000000000001c T free
00000000000177e0 0000000000000844 T _malloc_r
0000000000018028 00000000000002c8 T __utf8_mbtowc
00000000000182f0 00000000000000d8 T memchr
0000000000018400 000000000000016c T memcpy
0000000000018580 00000000000000ac T memmove
0000000000018640 00000000000001d8 T memset
0000000000018818 000000000000000c T __malloc_lock
0000000000018828 000000000000000c T __malloc_unlock
0000000000018838 000000000000008c T printf
00000000000188c8 00000000000000d4 T _puts_r
00000000000189a0 000000000000001c T puts
00000000000189c0 0000000000000030 T realloc
00000000000189f0 000000000000056c T _realloc_r
0000000000018f60 000000000000025c T setvbuf
00000000000191c0 00000000000000b4 T _raise_r
0000000000019278 000000000000001c T raise
0000000000019298 00000000000000a8 T sprintf
0000000000019340 00000000000000bc T sscanf
0000000000019400 0000000000000050 T __sread
0000000000019450 0000000000000008 T __seofread
0000000000019458 000000000000006c T __swrite
00000000000194c8 0000000000000050 T __sseek
0000000000019518 0000000000000008 T __sclose
0000000000019520 00000000000000dc T strchr
0000000000019600 00000000000000a4 T strcmp
00000000000196c0 00000000000001b8 T strcpy
0000000000019880 0000000000000140 T strlen
00000000000199c0 0000000000000084 T strncat
0000000000019a9c 0000000000000108 T strncmp
0000000000019ba8 00000000000000a8 T strncpy
0000000000019ca4 00000000000000e0 T strnlen
0000000000019d60 0000000000000054 t sulp
0000000000019db8 00000000000010f0 T _strtod_l
000000000001aea8 0000000000000040 T _strtod_r
000000000001aee8 00000000000001d0 t _strtol_l.isra.0
000000000001b0b8 0000000000000048 T _strtol_r
000000000001b100 00000000000001e0 t _strtoul_l.isra.0
000000000001b2e0 0000000000000048 T _strtoul_r
000000000001b328 000000000000005c T strtoul
000000000001b384 000000000000076c t get_arg
000000000001baf0 0000000000003b44 T _svfprintf_r
000000000001f634 000000000000005c t get_arg
000000000001f690 0000000000002f48 T __ssvfscanf_r
00000000000225d8 000000000000003c T __sprint_r
0000000000022614 000000000000076c t get_arg
0000000000022d80 0000000000003bfc T _vfprintf_r
000000000002697c 00000000000000ec t __sbprintf
0000000000026a68 00000000000000d0 T _wcrtomb_r
0000000000026b38 0000000000000010 T _wcsrtombs_r
0000000000026b48 00000000000000e4 T __utf8_wctomb
0000000000026c30 0000000000000140 T __swsetup_r
0000000000026d70 000000000000017c T __call_exitprocs
0000000000026ef0 00000000000001a8 t quorem
0000000000027098 00000000000010dc T _dtoa_r
0000000000028178 0000000000000214 T __sflush_r
0000000000028390 00000000000000b8 T _fflush_r
0000000000028448 0000000000000078 t std
00000000000284c0 000000000000000c T _cleanup_r
00000000000284d0 000000000000000c T __sfp_lock_acquire
00000000000284e0 000000000000000c T __sfp_lock_release
00000000000284f0 000000000000000c T __sinit_lock_acquire
0000000000028500 000000000000000c T __sinit_lock_release
0000000000028510 0000000000000080 T __sinit
0000000000028590 0000000000000118 T _malloc_trim_r
00000000000286a8 00000000000002f4 T _free_r
00000000000289a0 00000000000004b8 T __sfvwrite_r
0000000000028e58 00000000000000bc T _fwalk_reent
0000000000028f18 0000000000000114 t rshift
0000000000029030 00000000000007e8 T __gethex
0000000000029818 0000000000000048 T __match
0000000000029860 000000000000022c T __hexnan
0000000000029a90 0000000000000084 T iswspace
0000000000029b18 0000000000000244 t __jp2uc
0000000000029d60 00000000000000d0 T _jp2uc
0000000000029e30 0000000000000008 T __localeconv_l
0000000000029e38 0000000000000028 T _localeconv_r
0000000000029e60 00000000000000d8 T _mbrtowc_r
0000000000029f38 0000000000000090 T _Balloc
0000000000029fc8 000000000000001c T _Bfree
0000000000029fe8 00000000000000e8 T __multadd
000000000002a0d0 0000000000000120 T __s2b
000000000002a1f0 000000000000005c T __hi0bits
000000000002a250 00000000000000a0 T __lo0bits
000000000002a2f0 000000000000002c T __i2b
000000000002a320 00000000000001c8 T __multiply
000000000002a4e8 0000000000000104 T __pow5mult
000000000002a5f0 0000000000000134 T __lshift
000000000002a728 0000000000000050 T __mcmp
000000000002a778 000000000000014c T __mdiff
000000000002a8c8 0000000000000068 T __ulp
000000000002a930 0000000000000150 T __b2d
000000000002aa80 0000000000000138 T __d2b
000000000002abb8 00000000000000a0 T __ratio
000000000002ac58 0000000000000068 T __copybits
000000000002acc0 0000000000000084 T __any_on
000000000002ad48 00000000000000bc T __sccl
000000000002ae08 000000000000000c T nanf
000000000002ae18 000000000000007c T frexp
000000000002ae98 00000000000000c8 T stpncpy
000000000002af60 00000000000001d0 t _strtoll_l.isra.0
000000000002b130 0000000000000048 T _strtoll_r
000000000002b178 00000000000001e0 t _strtoull_l.isra.0
000000000002b358 0000000000000048 T _strtoull_r
000000000002b3a0 00000000000001c0 T __ssprint_r
000000000002b560 00000000000000f4 T _sungetc_r
000000000002b654 0000000000000070 T __ssrefill_r
000000000002b6c4 00000000000000e0 T _sfread_r
000000000002b7a8 00000000000000c8 T __submore
000000000002b870 00000000000001dc T _wcsnrtombs_l
000000000002ba50 0000000000000054 T _wcsnrtombs_r
000000000002baa8 000000000000015c T _fclose_r
000000000002bc08 0000000000000008 t null_write
000000000002bc10 0000000000000018 T setDefaultDevice
000000000002bc28 00000000000000f8 T FindDevice
000000000002bd20 0000000000000034 T RemoveDevice
000000000002bd58 00000000000000d8 T AddDevice
000000000002be30 00000000000000a8 T _close_r
000000000002bed8 0000000000000080 T _fstat_r
000000000002bf58 0000000000000010 T _getpid_r
000000000002bf68 0000000000000008 T _isatty_r
000000000002bf70 0000000000000010 T _kill_r
000000000002bf80 0000000000000094 T _lseek_r
000000000002c018 00000000000000a4 T _read_r
000000000002c0c0 0000000000000078 T _sbrk_r
000000000002c138 00000000000000a4 T _write_r
000000000002c1e0 0000000000000024 T _exit
000000000002c208 0000000000000234 T _concatenate_path
000000000002c440 0000000000000178 T chdir
000000000002c5b8 0000000000000018 T __libc_lock_acquire
000000000002c5d0 0000000000000018 T __libc_lock_release
000000000002c5e8 0000000000000018 T __libc_lock_init_recursive
000000000002c600 0000000000000018 T __libc_lock_acquire_recursive
000000000002c618 0000000000000018 T __libc_lock_release_recursive
000000000002c630 0000000000000018 T __libc_lock_close_recursive
000000000002c648 000000000000003c T __free_handle
000000000002c688 0000000000000058 T __release_handle
000000000002c6e0 0000000000000020 T __get_handle
000000000002c700 0000000000000024 T __getreent
000000000002c728 0000000000000150 t __extenddftf2
000000000002c878 0000000000000100 T strrchr
000000000002c978 T _fini
000000000002d1c8 0000000000000014 r CSWTCH.44
000000000002d278 000000000000003c r g_nacpLanguageTable
000000000002d318 0000000000000060 r colorTable
000000000002d3e4 R default_font_bin
000000000002f3e4 R default_font_bin_end
000000000002f3e4 R default_font_bin_size
000000000002f428 0000000000000023 r g_bq_InterfaceDescriptor
000000000002f458 0000000000000018 r error_table
000000000002f498 000000000000000d V typeinfo name for std::bad_alloc
000000000002f4b8 000000000000000d V typeinfo name for std::exception
000000000002f4c8 0000000000000012 V typeinfo name for std::bad_exception
000000000002f4e0 0000000000000020 V typeinfo name for __cxxabiv1::__forced_unwind
000000000002f500 0000000000000024 V typeinfo name for __cxxabiv1::__foreign_exception
000000000002f540 0000000000000025 V typeinfo name for __cxxabiv1::__si_class_type_info
000000000002f568 0000000000000988 R std::__detail::__prime_list
000000000002fef0 000000000000000d r std::__detail::_Prime_rehash_policy::_M_next_bkt(unsigned long) const::__fast_bkt
000000000002ff00 000000000000000d V typeinfo name for std::type_info
000000000002ff10 0000000000000022 V typeinfo name for __cxxabiv1::__class_type_info
000000000002ff38 0000000000000010 V typeinfo name for std::logic_error
000000000002ff48 0000000000000011 V typeinfo name for std::length_error
000000000002ff60 0000000000000011 V typeinfo name for std::out_of_range
00000000000302b0 0000000000000008 r terminator.9057
0000000000030350 0000000000000014 r fpi.5241
0000000000030368 0000000000000014 r fpinan.5277
0000000000030380 0000000000000028 r tinytens
0000000000030530 0000000000000010 r blanks.6378
0000000000030540 0000000000000010 r zeroes.6379
0000000000030610 0000000000000022 r basefix.6415
0000000000030780 0000000000000010 r blanks.6393
0000000000030790 0000000000000010 r zeroes.6394
00000000000307a0 0000000000000101 R _ctype_
00000000000308e0 0000000000000100 R __hexdig
00000000000309f8 00000000000000bc r a1
0000000000030ab8 00000000000000bc r a2
0000000000030b78 000000000000005b r a3
0000000000030bd8 0000000000000070 r a6
0000000000030c48 00000000000000a2 r a7
0000000000030cf0 0000000000000040 r a8
0000000000030d30 000000000000172a r b02cf
0000000000032460 0000000000001a7c r d02f4
0000000000033ee0 0000000000000028 R __mprec_bigtens
0000000000033f08 00000000000000c8 R __mprec_tens
0000000000033fd0 000000000000000c r p05.5161
0000000000033fe0 000000000000006c R __action_table
0000000000034050 0000000000000100 R __chclass
0000000000034150 000000000000006c R __state_table
00000000000341c8 0000000000000003 R DIRECTORY_PARENT
00000000000341d0 r __EH_FRAME_BEGIN__
00000000000341d0 R __eh_frame_hdr_end
00000000000341d0 R __eh_frame_hdr_start
000000000003b1b0 r __FRAME_END__
000000000003b248 a _DYNAMIC
000000000003f000 t __frame_dummy_init_array_entry
000000000003f000 T __init_array_start
000000000003f000 B __preinit_array_end
000000000003f000 B __preinit_array_start
000000000003f000 D __tdata_lma
000000000003f000 D __tdata_lma_end
000000000003f010 t __do_global_dtors_aux_fini_array_entry
000000000003f010 T __fini_array_start
000000000003f010 T __init_array_end
000000000003f018 a _GLOBAL_OFFSET_TABLE_
000000000003f018 T __fini_array_end
000000000003f018 T __got_start__
000000000003f388 D __got_end__
000000000003f388 0000000000000001 V __nx_applet_auto_notifyrunning
000000000003f38c 0000000000000004 V __nx_applet_type
000000000003f390 0000000000000004 d g_gfxMode
000000000003f398 0000000000000054 d g_gfxQueueBufferData
000000000003f3f0 000000000000016c d g_gfx_BufferInitData
000000000003f55c 0000000000000004 D g_nvgfx_totalframebufs
000000000003f560 0000000000000001 d firstConsoleInit.6501
000000000003f568 0000000000000008 D currentConsole
000000000003f570 0000000000000068 D defaultConsole
000000000003f5d8 00000000000000e0 d dotab_stdout
000000000003f6b8 0000000000000004 V __nx_nv_transfermem_size
000000000003f6bc 0000000000000004 V __nx_vi_stray_layer_flags
000000000003f6c0 0000000000000004 d g_viServiceType
000000000003f6c4 0000000000000004 d g_ctrl_fd
000000000003f6c8 0000000000000004 V __nx_time_type
000000000003f6d0 0000000000000401 d __cwd
000000000003fad4 0000000000000004 d fsdev_fsdevice_cwd
000000000003fad8 0000000000000004 d fsdev_fsdevice_default
000000000003fae0 00000000000000e0 d fsdev_devoptab
000000000003fbc0 0000000000000018 V typeinfo for std::bad_alloc
000000000003fbd8 0000000000000028 V vtable for std::bad_alloc
000000000003fc00 0000000000000010 V typeinfo for std::exception
000000000003fc10 0000000000000018 V typeinfo for std::bad_exception
000000000003fc28 0000000000000010 V typeinfo for __cxxabiv1::__forced_unwind
000000000003fc38 0000000000000010 V typeinfo for __cxxabiv1::__foreign_exception
000000000003fc48 0000000000000028 V vtable for std::bad_exception
000000000003fc70 0000000000000018 V typeinfo for __cxxabiv1::__si_class_type_info
000000000003fc88 0000000000000058 V vtable for __cxxabiv1::__si_class_type_info
000000000003fce0 0000000000000008 V DW.ref.__gxx_personality_v0
000000000003fce8 0000000000000010 V typeinfo for std::type_info
000000000003fcf8 0000000000000008 D __cxxabiv1::__terminate_handler
000000000003fd00 0000000000000018 V typeinfo for __cxxabiv1::__class_type_info
000000000003fd18 0000000000000058 V vtable for __cxxabiv1::__class_type_info
000000000003fd70 0000000000000018 V typeinfo for std::logic_error
000000000003fd88 0000000000000018 V typeinfo for std::length_error
000000000003fda0 0000000000000018 V typeinfo for std::out_of_range
000000000003fdb8 0000000000000028 V vtable for std::logic_error
000000000003fde0 0000000000000028 V vtable for std::length_error
000000000003fe08 0000000000000028 V vtable for std::out_of_range
000000000003fe30 0000000000000008 D __cxxabiv1::__unexpected_handler
000000000003fe38 0000000000000008 D _impure_ptr
000000000003fe40 0000000000000768 d impure_data
00000000000405a8 0000000000000008 D _global_impure_ptr
00000000000405b0 00000000000001a8 D __global_locale
0000000000040758 0000000000000008 D __malloc_sbrk_base
0000000000040760 0000000000000008 D __malloc_trim_threshold
0000000000040768 0000000000000810 D __malloc_av_
0000000000040f78 0000000000000004 d defaultDevice
0000000000040f80 0000000000000080 D devoptab_list
0000000000041000 00000000000000e0 D dotab_stdnull
00000000000410e0 0000000000000400 d _current_working_directory
00000000000414e0 0000000000000010 d __stderr_handle
00000000000414f0 0000000000000010 d __stdin_handle
0000000000041500 0000000000000010 d __stdout_handle
0000000000041510 0000000000002000 d handles
0000000000043510 D __TMC_END__
0000000000043510 D __bss_start__
0000000000043510 b completed.7821
0000000000043518 b object.7826
0000000000043548 0000000000000008 V __nx_applet_PerformanceConfiguration
0000000000043550 0000000000000018 b g_appletFirstHook
0000000000043568 0000000000000001 b g_appletFocusState
0000000000043570 000000000000000c b g_appletIApplicationCreator
0000000000043580 000000000000000c b g_appletIAudioController
0000000000043590 000000000000000c b g_appletICommonStateGetter
00000000000435a0 000000000000000c b g_appletIDebugFunctions
00000000000435b0 000000000000000c b g_appletIDisplayController
00000000000435c0 000000000000000c b g_appletIFunctions
00000000000435d0 000000000000000c b g_appletIGlobalStateController
00000000000435e0 000000000000000c b g_appletILibraryAppletCreator
00000000000435f0 000000000000000c b g_appletILibraryAppletSelfAccessor
0000000000043600 000000000000000c b g_appletIProcessWindingController
0000000000043610 000000000000000c b g_appletISelfController
0000000000043620 000000000000000c b g_appletIWindowController
000000000004362c 0000000000000004 b g_appletMessageEventHandle
0000000000043630 0000000000000001 b g_appletNotifiedRunning
0000000000043631 0000000000000001 b g_appletOperationMode
0000000000043634 0000000000000004 b g_appletPerformanceMode
0000000000043638 000000000000000c b g_appletProxySession
0000000000043648 0000000000000008 b g_appletResourceUserId
0000000000043650 000000000000000c b g_appletSrv
0000000000043660 0000000000000008 b g_refCnt
0000000000043668 000000000000000c b g_accSrv
0000000000043678 0000000000000008 b g_refCnt
0000000000043680 0000000000000050 b g_controllerDown
00000000000436d0 00000000000001e0 b g_controllerEntries
00000000000438b0 0000000000000190 b g_controllerHeaders
0000000000043a40 0000000000000050 b g_controllerHeld
0000000000043a90 0000000000000028 b g_controllerLayout
0000000000043ab8 0000000000000050 b g_controllerOld
0000000000043b08 0000000000000004 b g_controllerP1AutoID
0000000000043b10 0000000000000050 b g_controllerTimestamps
0000000000043b60 0000000000000050 b g_controllerUp
0000000000043bb0 000000000000000c b g_hidIAppletResource
0000000000043bc0 0000000000000020 b g_hidLock
0000000000043be0 0000000000000020 b g_hidSharedmem
0000000000043c00 000000000000000c b g_hidSrv
0000000000043c10 0000000000000020 b g_keyboardDown
0000000000043c30 0000000000000038 b g_keyboardEntry
0000000000043c68 0000000000000020 b g_keyboardHeld
0000000000043c88 0000000000000008 b g_keyboardModDown
0000000000043c90 0000000000000008 b g_keyboardModHeld
0000000000043c98 0000000000000008 b g_keyboardModOld
0000000000043ca0 0000000000000008 b g_keyboardModUp
0000000000043ca8 0000000000000020 b g_keyboardOld
0000000000043cc8 0000000000000008 b g_keyboardTimestamp
0000000000043cd0 0000000000000020 b g_keyboardUp
0000000000043cf0 0000000000000008 b g_mouseDown
0000000000043cf8 0000000000000030 b g_mouseEntry
0000000000043d28 0000000000000008 b g_mouseHeld
0000000000043d30 0000000000000008 b g_mouseOld
0000000000043d38 0000000000000008 b g_mouseTimestamp
0000000000043d40 0000000000000008 b g_mouseUp
0000000000043d48 0000000000000008 b g_refCnt
0000000000043d50 0000000000000298 b g_touchEntry
0000000000043fe8 0000000000000008 b g_touchTimestamp
0000000000043ff0 000000000000000c b g_nsAppManSrv
0000000000044000 000000000000000c b g_nsGetterSrv
0000000000044010 0000000000000008 b g_nsRefCnt
0000000000044018 000000000000000c b g_apmISession
0000000000044028 000000000000000c b g_apmSrv
0000000000044038 0000000000000008 b g_refCnt
0000000000044040 0000000000000008 b g_refCnt
0000000000044048 0000000000000004 b g_smHandle
0000000000044050 0000000000000200 b g_smOverrides
0000000000044250 0000000000000008 b g_smOverridesNum
0000000000044258 0000000000000008 b g_refCnt
0000000000044260 0000000000000008 b g_refCntSys
0000000000044268 0000000000000200 b g_setLanguageCodes
0000000000044468 0000000000000001 b g_setLanguageCodesInitialized
000000000004446c 0000000000000004 b g_setLanguageCodesTotal
0000000000044470 000000000000000c b g_setSrv
0000000000044480 000000000000000c b g_setsysSrv
0000000000044490 000000000000000c b g_fsSrv
00000000000444a0 0000000000000008 b g_refCnt
00000000000444a8 000000000000000c b g_gfxBinderEvent
00000000000444b8 0000000000000010 b g_gfxBinderSession
00000000000444c8 0000000000000004 b g_gfxCurrentBuffer
00000000000444cc 0000000000000004 b g_gfxCurrentProducerBuffer
00000000000444d0 0000000000000050 b g_gfxDisplay
0000000000044520 000000000000000c b g_gfxDisplayVsyncEvent
0000000000044530 0000000000000008 b g_gfxFramebuf
0000000000044538 0000000000000004 b g_gfxFramebufHandle
0000000000044540 0000000000000008 b g_gfxFramebufLinear
0000000000044548 0000000000000008 b g_gfxFramebufSize
0000000000044550 0000000000000001 b g_gfxInitialized
0000000000044558 0000000000000010 b g_gfxLayer
0000000000044568 0000000000000010 b g_gfx_Connect_QueueBufferOutput
0000000000044578 0000000000000001 b g_gfx_ProducerConnected
000000000004457c 0000000000000004 b g_gfx_ProducerSlotsRequested
0000000000044580 0000000000000010 b g_gfx_QueueBuffer_QueueBufferOutput
0000000000044590 0000000000000018 b g_gfx_autoresolution_applethookcookie
00000000000445a8 0000000000000004 b g_gfx_autoresolution_docked_height
00000000000445ac 0000000000000004 b g_gfx_autoresolution_docked_width
00000000000445b0 0000000000000001 b g_gfx_autoresolution_enabled
00000000000445b4 0000000000000004 b g_gfx_autoresolution_handheld_height
00000000000445b8 0000000000000004 b g_gfx_autoresolution_handheld_width
00000000000445c0 0000000000000008 B g_gfx_framebuf_aligned_height
00000000000445c8 0000000000000008 B g_gfx_framebuf_aligned_width
00000000000445d0 0000000000000008 B g_gfx_framebuf_display_height
00000000000445d8 0000000000000008 B g_gfx_framebuf_display_width
00000000000445e0 0000000000000008 B g_gfx_framebuf_height
00000000000445e8 0000000000000008 B g_gfx_framebuf_width
00000000000445f0 0000000000000008 B g_gfx_singleframebuf_linear_size
00000000000445f8 0000000000000008 B g_gfx_singleframebuf_size
0000000000044600 0000000000000001 b g_nvgfxInitialized
0000000000044604 0000000000000004 b g_nvgfx_fd_nvmap
0000000000044608 0000000000000018 b nvmap_fb_obj
0000000000044620 0000000000000001 b g_HasCached
0000000000044621 0000000000000001 b g_IsAbove200
0000000000044622 0000000000000001 b g_IsAbove300
0000000000044623 0000000000000001 b g_IsAbove400
0000000000044624 0000000000000001 b g_IsAbove500
0000000000044625 0000000000000001 b g_IsAbove600
0000000000044628 0000000000000004 b g_Mutex
0000000000044630 0000000000000010 b g_AddressSpace
0000000000044640 0000000000000008 b g_CurrentAddr
0000000000044648 0000000000000030 b g_Region
0000000000044678 0000000000000004 b g_VirtMemMutex
0000000000044680 0000000000000008 b g_nvIpcBufferSize
0000000000044688 000000000000000c b g_nvSrv
0000000000044698 000000000000000c b g_nvSrvClone
00000000000446a8 0000000000000028 b g_nvTransfermem
00000000000446d0 0000000000000008 b g_refCnt
00000000000446d8 0000000000000008 V __nx_vi_layer_id
00000000000446e0 000000000000000c b g_viIApplicationDisplayService
00000000000446f0 000000000000000c b g_viIHOSBinderDriverIndirect
0000000000044700 000000000000000c b g_viIHOSBinderDriverRelay
0000000000044710 000000000000000c b g_viIManagerDisplayService
0000000000044720 000000000000000c b g_viISystemDisplayService
0000000000044730 0000000000000008 b g_NvEventUsedMask
0000000000044738 0000000000000300 b g_NvEvents
0000000000044a38 0000000000000008 b g_refCnt
0000000000044a40 0000000000000008 V __nx_heap_size
0000000000044a48 0000000000000001 b g_isNso
0000000000044a4c 0000000000000004 b g_lastLoadResult
0000000000044a50 0000000000000008 b g_loaderRetAddr
0000000000044a58 0000000000000004 b g_mainThreadHandle
0000000000044a60 0000000000000008 b g_nextLoadArgv
0000000000044a68 0000000000000008 b g_nextLoadPath
0000000000044a70 0000000000000008 b g_overrideArgv
0000000000044a78 0000000000000008 b g_overrideHeapAddr
0000000000044a80 0000000000000008 b g_overrideHeapSize
0000000000044a88 0000000000000004 b g_processHandle
0000000000044a90 0000000000000010 b g_syscallHints
0000000000044aa0 0000000000000008 b __bootticks
0000000000044aa8 0000000000000008 b __boottime
0000000000044ab0 0000000000000008 b g_argv_empty
0000000000044ab8 0000000000002300 b fsdev_fsdevices
0000000000046db8 0000000000000001 b fsdev_initialised
0000000000046dc0 0000000000000008 b g_refCnt
0000000000046dc8 000000000000000c b g_timeLocalSystemClock
0000000000046dd8 000000000000000c b g_timeNetworkSystemClock
0000000000046de8 000000000000000c b g_timeSrv
0000000000046df8 000000000000000c b g_timeTimeZoneService
0000000000046e08 000000000000000c b g_timeUserSystemClock
0000000000046e18 0000000000000008 b (anonymous namespace)::__new_handler
0000000000046e20 0000000000000020 b (anonymous namespace)::emergency_pool
0000000000046e40 0000000000000010 b eh_globals
0000000000046e50 0000000000000020 V std::string::_Rep::_S_empty_rep_storage
0000000000046e70 0000000000000062 b dwarf_reg_size_table
0000000000046ed8 0000000000000008 b marker.8951
0000000000046ee0 0000000000000008 b seen_objects
0000000000046ee8 0000000000000008 b unseen_objects
0000000000046ef0 0000000000000028 B __malloc_current_mallinfo
0000000000046f18 0000000000000008 B __malloc_max_sbrked_mem
0000000000046f20 0000000000000008 B __malloc_max_total_mem
0000000000046f28 0000000000000008 B __malloc_top_pad
0000000000046f30 000000000000000c b __malloc_recursive_mutex
0000000000046f40 000000000000000c B __atexit_recursive_mutex
0000000000046f50 000000000000000c b __sfp_recursive_mutex
0000000000046f60 000000000000000c b __sinit_recursive_mutex
0000000000046f70 0000000000000008 b heap_start.5228
0000000000046f78 0000000000000008 B fake_heap_end
0000000000046f80 0000000000000008 B fake_heap_start
0000000000046f88 0000000000000400 b temp_cwd
0000000000047388 0000000000000090 B __syscalls
0000000000047418 0000000000000004 b __hndl_lock
0000000000047420 0000000000000068 B currentCopy
0000000000047488 0000000000000008 B __stack_top
0000000000047490 0000000000000008 B __system_argv
0000000000047498 0000000000000004 B __system_argc
00000000000474a0 0000000000000004 B __nxlink_host
00000000000474a8 B __tls_start
000000000004b8b0 B __bss_end__
000000000004b8b0 A __end__
000000000004b8b0 B __tls_end
000000000004c000 A __argdata__
